<?xml version="1.0" encoding="UTF-8"?>
<!-- Generated by org.testng.reporters.JUnitReportReporter -->
<testsuite hostname="Vaishnavi" failures="0" tests="1" name="cucumber.TestNGTestRunner" time="20.886" errors="0" timestamp="2025-01-12T01:53:44 IST" skipped="0">
  <testcase classname="cucumber.TestNGTestRunner" name="runScenario" time="20.886"/>
</testsuite> <!-- cucumber.TestNGTestRunner -->
