<?xml version="1.0" encoding="UTF-8"?>
<!-- Generated by org.testng.reporters.JUnitReportReporter -->
<testsuite hostname="Vaishnavi" failures="0" tests="3" name="rahulshettyacademy.tests.SubmitOrderTest" time="45.276" errors="0" timestamp="2025-01-12T01:28:37 IST" skipped="0">
  <testcase classname="rahulshettyacademy.tests.SubmitOrderTest" name="submitOrder" time="20.539"/>
  <testcase classname="rahulshettyacademy.tests.SubmitOrderTest" name="submitOrder" time="17.573"/>
  <testcase classname="rahulshettyacademy.tests.SubmitOrderTest" name="orderHistoryTest" time="7.164"/>
</testsuite> <!-- rahulshettyacademy.tests.SubmitOrderTest -->
