<?xml version="1.0" encoding="UTF-8"?>
<!-- Generated by org.testng.reporters.JUnitReportReporter -->
<testsuite hostname="Vaishnavi" failures="0" tests="2" name="rahulshettyacademy.Tests.ErrorValidation" time="25.208" errors="0" timestamp="2024-12-23T23:00:47 IST" skipped="0">
  <testcase classname="rahulshettyacademy.Tests.ErrorValidation" name="productErrorValidation" time="17.725"/>
  <testcase classname="rahulshettyacademy.Tests.ErrorValidation" name="loginErrorvalidation" time="7.483"/>
</testsuite> <!-- rahulshettyacademy.Tests.ErrorValidation -->
