<?xml version="1.0" encoding="UTF-8"?>
<!-- Generated by org.testng.reporters.JUnitReportReporter -->
<testsuite hostname="Vaishnavi" failures="0" tests="1" name="cucumber.TestNGTestRunner" time="22.112" errors="0" timestamp="2025-01-12T02:11:48 IST" skipped="0">
  <testcase classname="cucumber.TestNGTestRunner" name="runScenario" time="22.112"/>
</testsuite> <!-- cucumber.TestNGTestRunner -->
